<?xml version="1.0" encoding="UTF-8"?>
<testng-results ignored="0" total="2" passed="2" failed="0" skipped="0">
  <reporter-output>
  </reporter-output>
  <suite started-at="2024-12-14T08:54:54 IST" name="parallelTests" finished-at="2024-12-14T08:55:08 IST" duration-ms="14361">
    <groups>
    </groups>
    <test started-at="2024-12-14T08:54:54 IST" name="TestOnFirefox" finished-at="2024-12-14T08:55:03 IST" duration-ms="9073">
      <class name="parallelTests.SeleniumGrid">
        <test-method is-config="true" signature="setup(java.lang.String,java.lang.String)[pri:0, instance:parallelTests.SeleniumGrid@5e0e82ae]" started-at="2024-12-14T08:54:54 IST" name="setup" finished-at="2024-12-14T08:55:01 IST" duration-ms="6818" status="PASS">
          <params>
            <param index="0">
              <value>
                <![CDATA[firefox]]>
              </value>
            </param>
            <param index="1">
              <value>
                <![CDATA[http://192.168.1.2:4444/wd/hub]]>
              </value>
            </param>
          </params>
          <reporter-output>
          </reporter-output>
        </test-method> <!-- setup -->
        <test-method signature="testMethod()[pri:0, instance:parallelTests.SeleniumGrid@5e0e82ae]" started-at="2024-12-14T08:55:01 IST" name="testMethod" finished-at="2024-12-14T08:55:02 IST" duration-ms="1438" status="PASS">
          <reporter-output>
          </reporter-output>
        </test-method> <!-- testMethod -->
        <test-method is-config="true" signature="tearDown()[pri:0, instance:parallelTests.SeleniumGrid@5e0e82ae]" started-at="2024-12-14T08:55:02 IST" name="tearDown" finished-at="2024-12-14T08:55:03 IST" duration-ms="783" status="PASS">
          <reporter-output>
          </reporter-output>
        </test-method> <!-- tearDown -->
      </class> <!-- parallelTests.SeleniumGrid -->
    </test> <!-- TestOnFirefox -->
    <test started-at="2024-12-14T08:54:54 IST" name="TestOnChrome" finished-at="2024-12-14T08:55:08 IST" duration-ms="14361">
      <class name="parallelTests.SeleniumGrid">
        <test-method is-config="true" signature="setup(java.lang.String,java.lang.String)[pri:0, instance:parallelTests.SeleniumGrid@74f0ea28]" started-at="2024-12-14T08:54:54 IST" name="setup" finished-at="2024-12-14T08:55:06 IST" duration-ms="12398" status="PASS">
          <params>
            <param index="0">
              <value>
                <![CDATA[chrome]]>
              </value>
            </param>
            <param index="1">
              <value>
                <![CDATA[http://192.168.1.2:4444/wd/hub]]>
              </value>
            </param>
          </params>
          <reporter-output>
          </reporter-output>
        </test-method> <!-- setup -->
        <test-method signature="testMethod()[pri:0, instance:parallelTests.SeleniumGrid@74f0ea28]" started-at="2024-12-14T08:55:06 IST" name="testMethod" finished-at="2024-12-14T08:55:08 IST" duration-ms="1638" status="PASS">
          <reporter-output>
          </reporter-output>
        </test-method> <!-- testMethod -->
        <test-method is-config="true" signature="tearDown()[pri:0, instance:parallelTests.SeleniumGrid@74f0ea28]" started-at="2024-12-14T08:55:08 IST" name="tearDown" finished-at="2024-12-14T08:55:08 IST" duration-ms="306" status="PASS">
          <reporter-output>
          </reporter-output>
        </test-method> <!-- tearDown -->
      </class> <!-- parallelTests.SeleniumGrid -->
    </test> <!-- TestOnChrome -->
  </suite> <!-- parallelTests -->
</testng-results>
